[DEBUG][2023-11-04 12:37:30,096][cn.edu.nju.MySqlListener]'''' -> JRXKZH
[DEBUG][2023-11-04 12:37:30,099][cn.edu.nju.MySqlListener]'''' -> YHJGMC
[DEBUG][2023-11-04 13:07:43,254][cn.edu.nju.MySqlListener]'''' -> JRXKZH
[DEBUG][2023-11-04 13:07:43,259][cn.edu.nju.MySqlListener]'''' -> YHJGMC
[DEBUG][2023-11-04 13:07:43,263][cn.edu.nju.MySqlListener]A.A0144 -> GH
[DEBUG][2023-11-04 13:07:43,264][cn.edu.nju.MySqlListener]A.A0101 -> XM
[DEBUG][2023-11-04 13:07:43,264][cn.edu.nju.MySqlListener]A.A01CA -> GJ
[DEBUG][2023-11-04 13:07:43,264][cn.edu.nju.MySqlListener]A.A0130 -> ZJLB
[DEBUG][2023-11-04 13:07:43,265][cn.edu.nju.MySqlListener]A.A0177 -> ZJHM
[DEBUG][2023-11-04 13:07:43,265][cn.edu.nju.MySqlListener]A.A0148 -> LXDH
[DEBUG][2023-11-04 13:07:43,265][cn.edu.nju.MySqlListener]A.A01CV -> SSBM
[DEBUG][2023-11-04 13:07:43,265][cn.edu.nju.MySqlListener]A.A01BK -> GWBH
[DEBUG][2023-11-04 13:07:43,266][cn.edu.nju.MySqlListener]A.A01AD -> GWMC
[DEBUG][2023-11-04 13:07:43,266][cn.edu.nju.MySqlListener]'''' -> PFRQ
[DEBUG][2023-11-04 13:07:43,267][cn.edu.nju.MySqlListener]'''' -> RZRQ
[DEBUG][2023-11-04 13:07:43,267][cn.edu.nju.MySqlListener]A.A01AH -> YGLX
[DEBUG][2023-11-04 13:07:43,267][cn.edu.nju.MySqlListener]A.A0182 -> YGZT
[DEBUG][2023-11-04 13:07:43,267][cn.edu.nju.MySqlListener]'''' -> BBZ
[DEBUG][2023-11-04 13:07:43,269][cn.edu.nju.MySqlListener]''#{ETL_DT}'' -> CJRQ
[DEBUG][2023-11-04 13:07:43,269][cn.edu.nju.MySqlListener]'''' -> JRXKZH
[DEBUG][2023-11-04 13:07:43,270][cn.edu.nju.MySqlListener]'''' -> YHJGMC
[DEBUG][2023-11-04 13:07:43,270][cn.edu.nju.MySqlListener]A.A0144 -> GH
[DEBUG][2023-11-04 13:07:43,270][cn.edu.nju.MySqlListener]A.A0101 -> XM
[DEBUG][2023-11-04 13:07:43,270][cn.edu.nju.MySqlListener]A.A01CA -> GJ
[DEBUG][2023-11-04 13:07:43,271][cn.edu.nju.MySqlListener]A.A0130 -> ZJLB
[DEBUG][2023-11-04 13:07:43,271][cn.edu.nju.MySqlListener]A.A0177 -> ZJHM
[DEBUG][2023-11-04 13:07:43,271][cn.edu.nju.MySqlListener]A.A0148 -> LXDH
[DEBUG][2023-11-04 13:07:43,271][cn.edu.nju.MySqlListener]A.A01CV -> SSBM
[DEBUG][2023-11-04 13:07:43,272][cn.edu.nju.MySqlListener]A.A01BK -> GWBH
[DEBUG][2023-11-04 13:07:43,272][cn.edu.nju.MySqlListener]A.A01AD -> GWMC
[DEBUG][2023-11-04 13:07:43,272][cn.edu.nju.MySqlListener]'''' -> PFRQ
[DEBUG][2023-11-04 13:07:43,273][cn.edu.nju.MySqlListener]'''' -> RZRQ
[DEBUG][2023-11-04 13:07:43,273][cn.edu.nju.MySqlListener]A.A01AH -> YGLX
[DEBUG][2023-11-04 13:07:43,274][cn.edu.nju.MySqlListener]A.A0182 -> YGZT
[DEBUG][2023-11-04 13:07:43,275][cn.edu.nju.MySqlListener]'''' -> BBZ
[DEBUG][2023-11-04 13:07:43,275][cn.edu.nju.MySqlListener]''#{ETL_DT}'' -> CJRQ
[DEBUG][2023-11-04 13:42:40,465][cn.edu.nju.MySqlListener]'' -> JRXKZH
[DEBUG][2023-11-04 13:42:40,471][cn.edu.nju.MySqlListener]'' -> YHJGMC
[DEBUG][2023-11-04 13:42:40,472][cn.edu.nju.MySqlListener]'' -> GH
[DEBUG][2023-11-04 13:42:40,473][cn.edu.nju.MySqlListener]'' -> XM
[DEBUG][2023-11-04 13:42:40,473][cn.edu.nju.MySqlListener]'' -> GJ
[DEBUG][2023-11-04 13:42:40,474][cn.edu.nju.MySqlListener]'' -> ZJLB
[DEBUG][2023-11-04 13:42:40,474][cn.edu.nju.MySqlListener]'' -> ZJHM
[DEBUG][2023-11-04 13:42:40,474][cn.edu.nju.MySqlListener]'' -> LXDH
[DEBUG][2023-11-04 13:42:40,475][cn.edu.nju.MySqlListener]'' -> SSBM
[DEBUG][2023-11-04 13:42:40,475][cn.edu.nju.MySqlListener]'' -> GWBH
[DEBUG][2023-11-04 13:42:40,476][cn.edu.nju.MySqlListener]'' -> GWMC
[DEBUG][2023-11-04 13:42:40,476][cn.edu.nju.MySqlListener]'' -> PFRQ
[DEBUG][2023-11-04 13:42:40,477][cn.edu.nju.MySqlListener]'' -> RZRQ
[DEBUG][2023-11-04 13:42:40,477][cn.edu.nju.MySqlListener]'' -> YGLX
[DEBUG][2023-11-04 13:42:40,478][cn.edu.nju.MySqlListener]'' -> YGZT
[DEBUG][2023-11-04 13:42:40,478][cn.edu.nju.MySqlListener]'' -> BBZ
[DEBUG][2023-11-04 13:42:40,481][cn.edu.nju.MySqlListener]'#{ETL_DT}' -> CJRQ
[DEBUG][2023-11-04 13:42:40,482][cn.edu.nju.MySqlListener]'' -> JRXKZH
[DEBUG][2023-11-04 13:42:40,482][cn.edu.nju.MySqlListener]'' -> YHJGMC
[DEBUG][2023-11-04 13:42:40,483][cn.edu.nju.MySqlListener]'' -> GH
[DEBUG][2023-11-04 13:42:40,483][cn.edu.nju.MySqlListener]'' -> XM
[DEBUG][2023-11-04 13:42:40,483][cn.edu.nju.MySqlListener]'' -> GJ
[DEBUG][2023-11-04 13:42:40,483][cn.edu.nju.MySqlListener]'' -> ZJLB
[DEBUG][2023-11-04 13:42:40,484][cn.edu.nju.MySqlListener]'' -> ZJHM
[DEBUG][2023-11-04 13:42:40,484][cn.edu.nju.MySqlListener]'' -> LXDH
[DEBUG][2023-11-04 13:42:40,484][cn.edu.nju.MySqlListener]'' -> SSBM
[DEBUG][2023-11-04 13:42:40,484][cn.edu.nju.MySqlListener]'' -> GWBH
[DEBUG][2023-11-04 13:42:40,485][cn.edu.nju.MySqlListener]'' -> GWMC
[DEBUG][2023-11-04 13:42:40,485][cn.edu.nju.MySqlListener]'' -> PFRQ
[DEBUG][2023-11-04 13:42:40,485][cn.edu.nju.MySqlListener]'' -> RZRQ
[DEBUG][2023-11-04 13:42:40,485][cn.edu.nju.MySqlListener]'' -> YGLX
[DEBUG][2023-11-04 13:42:40,486][cn.edu.nju.MySqlListener]'' -> YGZT
[DEBUG][2023-11-04 13:42:40,486][cn.edu.nju.MySqlListener]'' -> BBZ
[DEBUG][2023-11-04 13:42:40,486][cn.edu.nju.MySqlListener]'#{ETL_DT}' -> CJRQ
[DEBUG][2023-11-04 13:47:12,330][cn.edu.nju.MySqlListener]'' -> JRXKZH
[DEBUG][2023-11-04 13:47:59,627][cn.edu.nju.MySqlListener]'' -> YHJGMC
[DEBUG][2023-11-04 13:48:22,204][cn.edu.nju.MySqlListener]'' -> GH
[DEBUG][2023-11-04 13:48:22,205][cn.edu.nju.MySqlListener]'' -> XM
[DEBUG][2023-11-04 13:48:22,206][cn.edu.nju.MySqlListener]'' -> GJ
[DEBUG][2023-11-04 13:48:22,206][cn.edu.nju.MySqlListener]'' -> ZJLB
[DEBUG][2023-11-04 13:48:22,207][cn.edu.nju.MySqlListener]'' -> ZJHM
[DEBUG][2023-11-04 13:48:22,207][cn.edu.nju.MySqlListener]'' -> LXDH
[DEBUG][2023-11-04 13:48:22,207][cn.edu.nju.MySqlListener]'' -> SSBM
[DEBUG][2023-11-04 13:48:22,207][cn.edu.nju.MySqlListener]'' -> GWBH
[DEBUG][2023-11-04 13:48:22,208][cn.edu.nju.MySqlListener]'' -> GWMC
[DEBUG][2023-11-04 13:48:22,208][cn.edu.nju.MySqlListener]'' -> PFRQ
[DEBUG][2023-11-04 13:48:22,208][cn.edu.nju.MySqlListener]'' -> RZRQ
[DEBUG][2023-11-04 13:48:22,208][cn.edu.nju.MySqlListener]'' -> YGLX
[DEBUG][2023-11-04 13:48:22,209][cn.edu.nju.MySqlListener]'' -> YGZT
[DEBUG][2023-11-04 13:48:22,209][cn.edu.nju.MySqlListener]'' -> BBZ
[DEBUG][2023-11-04 13:48:22,210][cn.edu.nju.MySqlListener]'#{ETL_DT}' -> CJRQ
[DEBUG][2023-11-04 13:48:22,211][cn.edu.nju.MySqlListener]'' -> JRXKZH
[DEBUG][2023-11-04 13:48:22,211][cn.edu.nju.MySqlListener]'' -> YHJGMC
[DEBUG][2023-11-04 13:48:22,211][cn.edu.nju.MySqlListener]'' -> GH
[DEBUG][2023-11-04 13:48:22,212][cn.edu.nju.MySqlListener]'' -> XM
[DEBUG][2023-11-04 13:48:22,212][cn.edu.nju.MySqlListener]'' -> GJ
[DEBUG][2023-11-04 13:48:22,212][cn.edu.nju.MySqlListener]'' -> ZJLB
[DEBUG][2023-11-04 13:48:22,213][cn.edu.nju.MySqlListener]'' -> ZJHM
[DEBUG][2023-11-04 13:48:22,213][cn.edu.nju.MySqlListener]'' -> LXDH
[DEBUG][2023-11-04 13:48:22,213][cn.edu.nju.MySqlListener]'' -> SSBM
[DEBUG][2023-11-04 13:48:22,213][cn.edu.nju.MySqlListener]'' -> GWBH
[DEBUG][2023-11-04 13:48:22,213][cn.edu.nju.MySqlListener]'' -> GWMC
[DEBUG][2023-11-04 13:48:22,213][cn.edu.nju.MySqlListener]'' -> PFRQ
[DEBUG][2023-11-04 13:48:22,214][cn.edu.nju.MySqlListener]'' -> RZRQ
[DEBUG][2023-11-04 13:48:22,214][cn.edu.nju.MySqlListener]'' -> YGLX
[DEBUG][2023-11-04 13:48:22,214][cn.edu.nju.MySqlListener]'' -> YGZT
[DEBUG][2023-11-04 13:48:22,215][cn.edu.nju.MySqlListener]'' -> BBZ
[DEBUG][2023-11-04 13:48:22,215][cn.edu.nju.MySqlListener]'#{ETL_DT}' -> CJRQ
[DEBUG][2023-11-04 13:49:54,314][cn.edu.nju.MySqlListener]'' -> JRXKZH
[DEBUG][2023-11-04 13:49:54,319][cn.edu.nju.MySqlListener]'' -> YHJGMC
[DEBUG][2023-11-04 13:49:54,323][cn.edu.nju.MySqlListener]A.A0144 -> GH
[DEBUG][2023-11-04 13:49:54,324][cn.edu.nju.MySqlListener]A.A0101 -> XM
[DEBUG][2023-11-04 13:49:54,324][cn.edu.nju.MySqlListener]A.A01CA -> GJ
[DEBUG][2023-11-04 13:49:54,324][cn.edu.nju.MySqlListener]A.A0130 -> ZJLB
[DEBUG][2023-11-04 13:49:54,324][cn.edu.nju.MySqlListener]A.A0177 -> ZJHM
[DEBUG][2023-11-04 13:49:54,325][cn.edu.nju.MySqlListener]A.A0148 -> LXDH
[DEBUG][2023-11-04 13:49:54,325][cn.edu.nju.MySqlListener]A.A01CV -> SSBM
[DEBUG][2023-11-04 13:49:54,325][cn.edu.nju.MySqlListener]A.A01BK -> GWBH
[DEBUG][2023-11-04 13:49:54,325][cn.edu.nju.MySqlListener]A.A01AD -> GWMC
[DEBUG][2023-11-04 13:49:54,326][cn.edu.nju.MySqlListener]'' -> PFRQ
[DEBUG][2023-11-04 13:49:54,326][cn.edu.nju.MySqlListener]'' -> RZRQ
[DEBUG][2023-11-04 13:49:54,326][cn.edu.nju.MySqlListener]A.A01AH -> YGLX
[DEBUG][2023-11-04 13:49:54,326][cn.edu.nju.MySqlListener]A.A0182 -> YGZT
[DEBUG][2023-11-04 13:49:54,327][cn.edu.nju.MySqlListener]'' -> BBZ
[DEBUG][2023-11-04 13:49:54,328][cn.edu.nju.MySqlListener]'#{ETL_DT}' -> CJRQ
[DEBUG][2023-11-04 13:49:54,328][cn.edu.nju.MySqlListener]'' -> JRXKZH
[DEBUG][2023-11-04 13:49:54,328][cn.edu.nju.MySqlListener]'' -> YHJGMC
[DEBUG][2023-11-04 13:49:54,329][cn.edu.nju.MySqlListener]A.A0144 -> GH
[DEBUG][2023-11-04 13:49:54,329][cn.edu.nju.MySqlListener]A.A0101 -> XM
[DEBUG][2023-11-04 13:49:54,329][cn.edu.nju.MySqlListener]A.A01CA -> GJ
[DEBUG][2023-11-04 13:49:54,329][cn.edu.nju.MySqlListener]A.A0130 -> ZJLB
[DEBUG][2023-11-04 13:49:54,329][cn.edu.nju.MySqlListener]A.A0177 -> ZJHM
[DEBUG][2023-11-04 13:49:54,330][cn.edu.nju.MySqlListener]A.A0148 -> LXDH
[DEBUG][2023-11-04 13:49:54,330][cn.edu.nju.MySqlListener]A.A01CV -> SSBM
[DEBUG][2023-11-04 13:49:54,330][cn.edu.nju.MySqlListener]A.A01BK -> GWBH
[DEBUG][2023-11-04 13:49:54,331][cn.edu.nju.MySqlListener]A.A01AD -> GWMC
[DEBUG][2023-11-04 13:49:54,331][cn.edu.nju.MySqlListener]'' -> PFRQ
[DEBUG][2023-11-04 13:49:54,331][cn.edu.nju.MySqlListener]'' -> RZRQ
[DEBUG][2023-11-04 13:49:54,331][cn.edu.nju.MySqlListener]A.A01AH -> YGLX
[DEBUG][2023-11-04 13:49:54,331][cn.edu.nju.MySqlListener]A.A0182 -> YGZT
[DEBUG][2023-11-04 13:49:54,332][cn.edu.nju.MySqlListener]'' -> BBZ
[DEBUG][2023-11-04 13:49:54,332][cn.edu.nju.MySqlListener]'#{ETL_DT}' -> CJRQ
[DEBUG][2023-11-04 21:06:29,383][cn.edu.nju.MySqlListener]'' -> JRXKZH
[DEBUG][2023-11-04 21:06:29,391][cn.edu.nju.MySqlListener]'' -> YHJGMC
[DEBUG][2023-11-04 21:06:29,398][cn.edu.nju.MySqlListener]A.A0144 -> GH
[DEBUG][2023-11-04 21:06:29,398][cn.edu.nju.MySqlListener]A.A0101 -> XM
[DEBUG][2023-11-04 21:06:29,399][cn.edu.nju.MySqlListener]A.A01CA -> GJ
[DEBUG][2023-11-04 21:06:29,399][cn.edu.nju.MySqlListener]A.A0130 -> ZJLB
[DEBUG][2023-11-04 21:06:29,400][cn.edu.nju.MySqlListener]A.A0177 -> ZJHM
[DEBUG][2023-11-04 21:06:29,400][cn.edu.nju.MySqlListener]A.A0148 -> LXDH
[DEBUG][2023-11-04 21:06:29,401][cn.edu.nju.MySqlListener]A.A01CV -> SSBM
[DEBUG][2023-11-04 21:06:29,401][cn.edu.nju.MySqlListener]A.A01BK -> GWBH
[DEBUG][2023-11-04 21:06:29,402][cn.edu.nju.MySqlListener]A.A01AD -> GWMC
[DEBUG][2023-11-04 21:06:29,403][cn.edu.nju.MySqlListener]'' -> PFRQ
[DEBUG][2023-11-04 21:06:29,403][cn.edu.nju.MySqlListener]'' -> RZRQ
[DEBUG][2023-11-04 21:06:29,403][cn.edu.nju.MySqlListener]A.A01AH -> YGLX
[DEBUG][2023-11-04 21:06:29,404][cn.edu.nju.MySqlListener]A.A0182 -> YGZT
[DEBUG][2023-11-04 21:06:29,404][cn.edu.nju.MySqlListener]'' -> BBZ
[DEBUG][2023-11-04 21:06:29,407][cn.edu.nju.MySqlListener]'#{ETL_DT}' -> CJRQ
[DEBUG][2023-11-04 21:06:29,408][cn.edu.nju.MySqlListener]'' -> JRXKZH
[DEBUG][2023-11-04 21:06:29,408][cn.edu.nju.MySqlListener]'' -> YHJGMC
[DEBUG][2023-11-04 21:06:29,408][cn.edu.nju.MySqlListener]A.A0144 -> GH
[DEBUG][2023-11-04 21:06:29,409][cn.edu.nju.MySqlListener]A.A0101 -> XM
[DEBUG][2023-11-04 21:06:29,409][cn.edu.nju.MySqlListener]A.A01CA -> GJ
[DEBUG][2023-11-04 21:06:29,410][cn.edu.nju.MySqlListener]A.A0130 -> ZJLB
[DEBUG][2023-11-04 21:06:29,410][cn.edu.nju.MySqlListener]A.A0177 -> ZJHM
[DEBUG][2023-11-04 21:06:29,410][cn.edu.nju.MySqlListener]A.A0148 -> LXDH
[DEBUG][2023-11-04 21:06:29,410][cn.edu.nju.MySqlListener]A.A01CV -> SSBM
[DEBUG][2023-11-04 21:06:29,411][cn.edu.nju.MySqlListener]A.A01BK -> GWBH
[DEBUG][2023-11-04 21:06:29,411][cn.edu.nju.MySqlListener]A.A01AD -> GWMC
[DEBUG][2023-11-04 21:06:29,411][cn.edu.nju.MySqlListener]'' -> PFRQ
[DEBUG][2023-11-04 21:06:29,412][cn.edu.nju.MySqlListener]'' -> RZRQ
[DEBUG][2023-11-04 21:06:29,412][cn.edu.nju.MySqlListener]A.A01AH -> YGLX
[DEBUG][2023-11-04 21:06:29,413][cn.edu.nju.MySqlListener]A.A0182 -> YGZT
[DEBUG][2023-11-04 21:06:29,413][cn.edu.nju.MySqlListener]'' -> BBZ
[DEBUG][2023-11-04 21:06:29,413][cn.edu.nju.MySqlListener]'#{ETL_DT}' -> CJRQ
[DEBUG][2023-11-04 21:06:49,901][cn.edu.nju.MySqlListener]'' -> JRXKZH
[DEBUG][2023-11-04 21:06:49,910][cn.edu.nju.MySqlListener]'' -> YHJGMC
[DEBUG][2023-11-04 21:06:49,915][cn.edu.nju.MySqlListener]A.A0144 -> GH
[DEBUG][2023-11-04 21:06:49,915][cn.edu.nju.MySqlListener]A.A0101 -> XM
[DEBUG][2023-11-04 21:06:49,916][cn.edu.nju.MySqlListener]A.A01CA -> GJ
[DEBUG][2023-11-04 21:06:49,916][cn.edu.nju.MySqlListener]A.A0130 -> ZJLB
[DEBUG][2023-11-04 21:06:49,916][cn.edu.nju.MySqlListener]A.A0177 -> ZJHM
[DEBUG][2023-11-04 21:06:49,916][cn.edu.nju.MySqlListener]A.A0148 -> LXDH
[DEBUG][2023-11-04 21:06:49,917][cn.edu.nju.MySqlListener]A.A01CV -> SSBM
[DEBUG][2023-11-04 21:06:49,917][cn.edu.nju.MySqlListener]A.A01BK -> GWBH
[DEBUG][2023-11-04 21:06:49,917][cn.edu.nju.MySqlListener]A.A01AD -> GWMC
[DEBUG][2023-11-04 21:06:49,918][cn.edu.nju.MySqlListener]'' -> PFRQ
[DEBUG][2023-11-04 21:06:49,918][cn.edu.nju.MySqlListener]'' -> RZRQ
[DEBUG][2023-11-04 21:06:49,918][cn.edu.nju.MySqlListener]A.A01AH -> YGLX
[DEBUG][2023-11-04 21:06:49,919][cn.edu.nju.MySqlListener]A.A0182 -> YGZT
[DEBUG][2023-11-04 21:06:49,919][cn.edu.nju.MySqlListener]'' -> BBZ
[DEBUG][2023-11-04 21:06:49,920][cn.edu.nju.MySqlListener]'#{ETL_DT}' -> CJRQ
[DEBUG][2023-11-04 21:06:49,921][cn.edu.nju.MySqlListener]'' -> JRXKZH
[DEBUG][2023-11-04 21:06:49,921][cn.edu.nju.MySqlListener]'' -> YHJGMC
[DEBUG][2023-11-04 21:06:49,921][cn.edu.nju.MySqlListener]A.A0144 -> GH
[DEBUG][2023-11-04 21:06:49,921][cn.edu.nju.MySqlListener]A.A0101 -> XM
[DEBUG][2023-11-04 21:06:49,922][cn.edu.nju.MySqlListener]A.A01CA -> GJ
[DEBUG][2023-11-04 21:06:49,922][cn.edu.nju.MySqlListener]A.A0130 -> ZJLB
[DEBUG][2023-11-04 21:06:49,922][cn.edu.nju.MySqlListener]A.A0177 -> ZJHM
[DEBUG][2023-11-04 21:06:49,922][cn.edu.nju.MySqlListener]A.A0148 -> LXDH
[DEBUG][2023-11-04 21:06:49,923][cn.edu.nju.MySqlListener]A.A01CV -> SSBM
[DEBUG][2023-11-04 21:06:49,923][cn.edu.nju.MySqlListener]A.A01BK -> GWBH
[DEBUG][2023-11-04 21:06:49,923][cn.edu.nju.MySqlListener]A.A01AD -> GWMC
[DEBUG][2023-11-04 21:06:49,923][cn.edu.nju.MySqlListener]'' -> PFRQ
[DEBUG][2023-11-04 21:06:49,924][cn.edu.nju.MySqlListener]'' -> RZRQ
[DEBUG][2023-11-04 21:06:49,924][cn.edu.nju.MySqlListener]A.A01AH -> YGLX
[DEBUG][2023-11-04 21:06:49,924][cn.edu.nju.MySqlListener]A.A0182 -> YGZT
[DEBUG][2023-11-04 21:06:49,925][cn.edu.nju.MySqlListener]'' -> BBZ
[DEBUG][2023-11-04 21:06:49,925][cn.edu.nju.MySqlListener]'#{ETL_DT}' -> CJRQ
[DEBUG][2023-11-04 21:08:34,024][cn.edu.nju.MySqlListener]'' -> JRXKZH
[DEBUG][2023-11-04 21:08:34,034][cn.edu.nju.MySqlListener]'' -> YHJGMC
[DEBUG][2023-11-04 21:08:34,041][cn.edu.nju.MySqlListener]A.A0144 -> GH
[DEBUG][2023-11-04 21:08:34,041][cn.edu.nju.MySqlListener]A.A0101 -> XM
[DEBUG][2023-11-04 21:08:34,042][cn.edu.nju.MySqlListener]A.A01CA -> GJ
[DEBUG][2023-11-04 21:08:34,042][cn.edu.nju.MySqlListener]A.A0130 -> ZJLB
[DEBUG][2023-11-04 21:08:34,042][cn.edu.nju.MySqlListener]A.A0177 -> ZJHM
[DEBUG][2023-11-04 21:08:34,043][cn.edu.nju.MySqlListener]A.A0148 -> LXDH
[DEBUG][2023-11-04 21:08:34,043][cn.edu.nju.MySqlListener]A.A01CV -> SSBM
[DEBUG][2023-11-04 21:08:34,043][cn.edu.nju.MySqlListener]A.A01BK -> GWBH
[DEBUG][2023-11-04 21:08:34,044][cn.edu.nju.MySqlListener]A.A01AD -> GWMC
[DEBUG][2023-11-04 21:08:34,044][cn.edu.nju.MySqlListener]'' -> PFRQ
[DEBUG][2023-11-04 21:08:34,045][cn.edu.nju.MySqlListener]'' -> RZRQ
[DEBUG][2023-11-04 21:08:34,045][cn.edu.nju.MySqlListener]A.A01AH -> YGLX
[DEBUG][2023-11-04 21:08:34,045][cn.edu.nju.MySqlListener]A.A0182 -> YGZT
[DEBUG][2023-11-04 21:08:34,046][cn.edu.nju.MySqlListener]'' -> BBZ
[DEBUG][2023-11-04 21:08:34,048][cn.edu.nju.MySqlListener]'#{ETL_DT}' -> CJRQ
[DEBUG][2023-11-04 21:08:34,048][cn.edu.nju.MySqlListener]'' -> JRXKZH
[DEBUG][2023-11-04 21:08:34,049][cn.edu.nju.MySqlListener]'' -> YHJGMC
[DEBUG][2023-11-04 21:08:34,049][cn.edu.nju.MySqlListener]A.A0144 -> GH
[DEBUG][2023-11-04 21:08:34,049][cn.edu.nju.MySqlListener]A.A0101 -> XM
[DEBUG][2023-11-04 21:08:34,049][cn.edu.nju.MySqlListener]A.A01CA -> GJ
[DEBUG][2023-11-04 21:08:34,049][cn.edu.nju.MySqlListener]A.A0130 -> ZJLB
[DEBUG][2023-11-04 21:08:34,050][cn.edu.nju.MySqlListener]A.A0177 -> ZJHM
[DEBUG][2023-11-04 21:08:34,050][cn.edu.nju.MySqlListener]A.A0148 -> LXDH
[DEBUG][2023-11-04 21:08:34,050][cn.edu.nju.MySqlListener]A.A01CV -> SSBM
[DEBUG][2023-11-04 21:08:34,050][cn.edu.nju.MySqlListener]A.A01BK -> GWBH
[DEBUG][2023-11-04 21:08:34,051][cn.edu.nju.MySqlListener]A.A01AD -> GWMC
[DEBUG][2023-11-04 21:08:34,051][cn.edu.nju.MySqlListener]'' -> PFRQ
[DEBUG][2023-11-04 21:08:34,051][cn.edu.nju.MySqlListener]'' -> RZRQ
[DEBUG][2023-11-04 21:08:34,051][cn.edu.nju.MySqlListener]A.A01AH -> YGLX
[DEBUG][2023-11-04 21:08:34,051][cn.edu.nju.MySqlListener]A.A0182 -> YGZT
[DEBUG][2023-11-04 21:08:34,052][cn.edu.nju.MySqlListener]'' -> BBZ
[DEBUG][2023-11-04 21:08:34,052][cn.edu.nju.MySqlListener]'#{ETL_DT}' -> CJRQ
[DEBUG][2023-11-04 21:13:08,059][cn.edu.nju.MySqlListener]'' -> JRXKZH
[DEBUG][2023-11-04 21:13:08,067][cn.edu.nju.MySqlListener]'' -> YHJGMC
[DEBUG][2023-11-04 21:13:08,071][cn.edu.nju.MySqlListener]A.A0144 -> GH
[DEBUG][2023-11-04 21:13:08,071][cn.edu.nju.MySqlListener]A.A0101 -> XM
[DEBUG][2023-11-04 21:13:08,071][cn.edu.nju.MySqlListener]A.A01CA -> GJ
[DEBUG][2023-11-04 21:13:08,071][cn.edu.nju.MySqlListener]A.A0130 -> ZJLB
[DEBUG][2023-11-04 21:13:08,072][cn.edu.nju.MySqlListener]A.A0177 -> ZJHM
[DEBUG][2023-11-04 21:13:08,072][cn.edu.nju.MySqlListener]A.A0148 -> LXDH
[DEBUG][2023-11-04 21:13:08,072][cn.edu.nju.MySqlListener]A.A01CV -> SSBM
[DEBUG][2023-11-04 21:13:08,072][cn.edu.nju.MySqlListener]A.A01BK -> GWBH
[DEBUG][2023-11-04 21:13:08,073][cn.edu.nju.MySqlListener]A.A01AD -> GWMC
[DEBUG][2023-11-04 21:13:08,073][cn.edu.nju.MySqlListener]'' -> PFRQ
[DEBUG][2023-11-04 21:13:08,073][cn.edu.nju.MySqlListener]'' -> RZRQ
[DEBUG][2023-11-04 21:13:08,073][cn.edu.nju.MySqlListener]A.A01AH -> YGLX
[DEBUG][2023-11-04 21:13:08,073][cn.edu.nju.MySqlListener]A.A0182 -> YGZT
[DEBUG][2023-11-04 21:13:08,074][cn.edu.nju.MySqlListener]'' -> BBZ
[DEBUG][2023-11-04 21:13:08,075][cn.edu.nju.MySqlListener]'#{ETL_DT}' -> CJRQ
[DEBUG][2023-11-04 21:13:08,075][cn.edu.nju.MySqlListener]'' -> JRXKZH
[DEBUG][2023-11-04 21:13:08,076][cn.edu.nju.MySqlListener]'' -> YHJGMC
[DEBUG][2023-11-04 21:13:08,076][cn.edu.nju.MySqlListener]A.A0144 -> GH
[DEBUG][2023-11-04 21:13:08,076][cn.edu.nju.MySqlListener]A.A0101 -> XM
[DEBUG][2023-11-04 21:13:08,076][cn.edu.nju.MySqlListener]A.A01CA -> GJ
[DEBUG][2023-11-04 21:13:08,077][cn.edu.nju.MySqlListener]A.A0130 -> ZJLB
[DEBUG][2023-11-04 21:13:08,077][cn.edu.nju.MySqlListener]A.A0177 -> ZJHM
[DEBUG][2023-11-04 21:13:08,077][cn.edu.nju.MySqlListener]A.A0148 -> LXDH
[DEBUG][2023-11-04 21:13:08,078][cn.edu.nju.MySqlListener]A.A01CV -> SSBM
[DEBUG][2023-11-04 21:13:08,078][cn.edu.nju.MySqlListener]A.A01BK -> GWBH
[DEBUG][2023-11-04 21:13:08,078][cn.edu.nju.MySqlListener]A.A01AD -> GWMC
[DEBUG][2023-11-04 21:13:08,079][cn.edu.nju.MySqlListener]'' -> PFRQ
[DEBUG][2023-11-04 21:13:08,079][cn.edu.nju.MySqlListener]'' -> RZRQ
[DEBUG][2023-11-04 21:13:08,079][cn.edu.nju.MySqlListener]A.A01AH -> YGLX
[DEBUG][2023-11-04 21:13:08,079][cn.edu.nju.MySqlListener]A.A0182 -> YGZT
[DEBUG][2023-11-04 21:13:08,080][cn.edu.nju.MySqlListener]'' -> BBZ
[DEBUG][2023-11-04 21:13:08,080][cn.edu.nju.MySqlListener]'#{ETL_DT}' -> CJRQ
[DEBUG][2023-11-04 22:30:12,672][cn.edu.nju.MySqlListener]'' -> JRXKZH
[DEBUG][2023-11-04 22:30:12,679][cn.edu.nju.MySqlListener]'' -> YHJGMC
[DEBUG][2023-11-04 22:30:12,683][cn.edu.nju.MySqlListener]A.A0144 -> GH
[DEBUG][2023-11-04 22:30:12,684][cn.edu.nju.MySqlListener]A.A0101 -> XM
[DEBUG][2023-11-04 22:30:12,684][cn.edu.nju.MySqlListener]A.A01CA -> GJ
[DEBUG][2023-11-04 22:30:12,685][cn.edu.nju.MySqlListener]A.A0130 -> ZJLB
[DEBUG][2023-11-04 22:30:12,685][cn.edu.nju.MySqlListener]A.A0177 -> ZJHM
[DEBUG][2023-11-04 22:30:12,685][cn.edu.nju.MySqlListener]A.A0148 -> LXDH
[DEBUG][2023-11-04 22:30:12,686][cn.edu.nju.MySqlListener]A.A01CV -> SSBM
[DEBUG][2023-11-04 22:30:12,686][cn.edu.nju.MySqlListener]A.A01BK -> GWBH
[DEBUG][2023-11-04 22:30:12,686][cn.edu.nju.MySqlListener]A.A01AD -> GWMC
[DEBUG][2023-11-04 22:30:12,686][cn.edu.nju.MySqlListener]'' -> PFRQ
[DEBUG][2023-11-04 22:30:12,687][cn.edu.nju.MySqlListener]'' -> RZRQ
[DEBUG][2023-11-04 22:30:12,687][cn.edu.nju.MySqlListener]A.A01AH -> YGLX
[DEBUG][2023-11-04 22:30:12,687][cn.edu.nju.MySqlListener]A.A0182 -> YGZT
[DEBUG][2023-11-04 22:30:12,687][cn.edu.nju.MySqlListener]'' -> BBZ
[DEBUG][2023-11-04 22:30:12,689][cn.edu.nju.MySqlListener]'#{ETL_DT}' -> CJRQ
[DEBUG][2023-11-04 22:30:12,689][cn.edu.nju.MySqlListener]'' -> JRXKZH
[DEBUG][2023-11-04 22:30:12,689][cn.edu.nju.MySqlListener]'' -> YHJGMC
[DEBUG][2023-11-04 22:30:12,690][cn.edu.nju.MySqlListener]A.A0144 -> GH
[DEBUG][2023-11-04 22:30:12,690][cn.edu.nju.MySqlListener]A.A0101 -> XM
[DEBUG][2023-11-04 22:30:12,690][cn.edu.nju.MySqlListener]A.A01CA -> GJ
[DEBUG][2023-11-04 22:30:12,691][cn.edu.nju.MySqlListener]A.A0130 -> ZJLB
[DEBUG][2023-11-04 22:30:12,691][cn.edu.nju.MySqlListener]A.A0177 -> ZJHM
[DEBUG][2023-11-04 22:30:12,691][cn.edu.nju.MySqlListener]A.A0148 -> LXDH
[DEBUG][2023-11-04 22:30:12,691][cn.edu.nju.MySqlListener]A.A01CV -> SSBM
[DEBUG][2023-11-04 22:30:12,692][cn.edu.nju.MySqlListener]A.A01BK -> GWBH
[DEBUG][2023-11-04 22:30:12,692][cn.edu.nju.MySqlListener]A.A01AD -> GWMC
[DEBUG][2023-11-04 22:30:12,692][cn.edu.nju.MySqlListener]'' -> PFRQ
[DEBUG][2023-11-04 22:30:12,693][cn.edu.nju.MySqlListener]'' -> RZRQ
[DEBUG][2023-11-04 22:30:12,693][cn.edu.nju.MySqlListener]A.A01AH -> YGLX
[DEBUG][2023-11-04 22:30:12,693][cn.edu.nju.MySqlListener]A.A0182 -> YGZT
[DEBUG][2023-11-04 22:30:12,693][cn.edu.nju.MySqlListener]'' -> BBZ
[DEBUG][2023-11-04 22:30:12,693][cn.edu.nju.MySqlListener]'#{ETL_DT}' -> CJRQ
